2020-01-08 09:13:12.604 - INFO  [  restartedMain] o.s.b.StartupInfoLogger        : Starting SupermarketApplication on english with PID 2136 (C:\Users\Administrator\IdeaProjects\biyesheji\supermarket\target\classes started by Administrator in C:\Users\Administrator\IdeaProjects\biyesheji\supermarket)
2020-01-08 09:13:12.624 - INFO  [  restartedMain] o.s.b.SpringApplication        : No active profile set, falling back to default profiles: default
2020-01-08 09:13:12.664 - INFO  [  restartedMain] o.s.b.l.DeferredLog            : Devtools property defaults active! Set 'spring.devtools.add-properties' to 'false' to disable
2020-01-08 09:13:12.664 - INFO  [  restartedMain] o.s.b.l.DeferredLog            : For additional web related logging consider setting the 'logging.level.web' property to 'DEBUG'
2020-01-08 09:13:13.973 - WARN  [  restartedMain] o.m.s.m.ClassPathMapperScanner : No MyBatis mapper was found in '[com.mxz.supermarket]' package. Please check your configuration.
2020-01-08 09:13:14.213 - INFO  [  restartedMain] epositoryConfigurationDelegate : Multiple Spring Data modules found, entering strict repository configuration mode!
2020-01-08 09:13:14.213 - INFO  [  restartedMain] epositoryConfigurationDelegate : Bootstrapping Spring Data Redis repositories in DEFAULT mode.
2020-01-08 09:13:14.263 - INFO  [  restartedMain] epositoryConfigurationDelegate : Finished Spring Data repository scanning in 30ms. Found 0 Redis repository interfaces.
2020-01-08 09:13:14.643 - INFO  [  restartedMain] egate$BeanPostProcessorChecker : Bean 'org.springframework.transaction.annotation.ProxyTransactionManagementConfiguration' of type [org.springframework.transaction.annotation.ProxyTransactionManagementConfiguration] is not eligible for getting processed by all BeanPostProcessors (for example: not eligible for auto-proxying)
2020-01-08 09:13:14.763 - INFO  [  restartedMain] egate$BeanPostProcessorChecker : Bean 'org.springframework.boot.autoconfigure.jdbc.DataSourceTransactionManagerAutoConfiguration$DataSourceTransactionManagerConfiguration' of type [org.springframework.boot.autoconfigure.jdbc.DataSourceTransactionManagerAutoConfiguration$DataSourceTransactionManagerConfiguration] is not eligible for getting processed by all BeanPostProcessors (for example: not eligible for auto-proxying)
2020-01-08 09:13:14.773 - INFO  [  restartedMain] egate$BeanPostProcessorChecker : Bean 'com.alibaba.druid.spring.boot.autoconfigure.DruidDataSourceAutoConfigure' of type [com.alibaba.druid.spring.boot.autoconfigure.DruidDataSourceAutoConfigure$$EnhancerBySpringCGLIB$$e23a4c19] is not eligible for getting processed by all BeanPostProcessors (for example: not eligible for auto-proxying)
2020-01-08 09:13:14.773 - INFO  [  restartedMain] a.DruidDataSourceAutoConfigure : Init DruidDataSource
2020-01-08 09:13:14.843 - INFO  [  restartedMain] egate$BeanPostProcessorChecker : Bean 'spring.datasource-org.springframework.boot.autoconfigure.jdbc.DataSourceProperties' of type [org.springframework.boot.autoconfigure.jdbc.DataSourceProperties] is not eligible for getting processed by all BeanPostProcessors (for example: not eligible for auto-proxying)
2020-01-08 09:13:14.863 - INFO  [  restartedMain] egate$BeanPostProcessorChecker : Bean 'com.alibaba.druid.spring.boot.autoconfigure.stat.DruidFilterConfiguration' of type [com.alibaba.druid.spring.boot.autoconfigure.stat.DruidFilterConfiguration] is not eligible for getting processed by all BeanPostProcessors (for example: not eligible for auto-proxying)
2020-01-08 09:13:14.893 - INFO  [  restartedMain] egate$BeanPostProcessorChecker : Bean 'statFilter' of type [com.alibaba.druid.filter.stat.StatFilter] is not eligible for getting processed by all BeanPostProcessors (for example: not eligible for auto-proxying)
2020-01-08 09:13:15.173 - INFO  [  restartedMain] c.a.d.p.DruidDataSource        : {dataSource-1} inited
2020-01-08 09:13:15.173 - INFO  [  restartedMain] egate$BeanPostProcessorChecker : Bean 'dataSource' of type [com.alibaba.druid.spring.boot.autoconfigure.DruidDataSourceWrapper] is not eligible for getting processed by all BeanPostProcessors (for example: not eligible for auto-proxying)
2020-01-08 09:13:15.223 - INFO  [  restartedMain] egate$BeanPostProcessorChecker : Bean 'org.springframework.boot.autoconfigure.jdbc.DataSourceInitializerInvoker' of type [org.springframework.boot.autoconfigure.jdbc.DataSourceInitializerInvoker] is not eligible for getting processed by all BeanPostProcessors (for example: not eligible for auto-proxying)
2020-01-08 09:13:15.232 - INFO  [  restartedMain] egate$BeanPostProcessorChecker : Bean 'org.springframework.boot.autoconfigure.transaction.TransactionAutoConfiguration' of type [org.springframework.boot.autoconfigure.transaction.TransactionAutoConfiguration] is not eligible for getting processed by all BeanPostProcessors (for example: not eligible for auto-proxying)
2020-01-08 09:13:15.242 - INFO  [  restartedMain] egate$BeanPostProcessorChecker : Bean 'spring.transaction-org.springframework.boot.autoconfigure.transaction.TransactionProperties' of type [org.springframework.boot.autoconfigure.transaction.TransactionProperties] is not eligible for getting processed by all BeanPostProcessors (for example: not eligible for auto-proxying)
2020-01-08 09:13:15.242 - INFO  [  restartedMain] egate$BeanPostProcessorChecker : Bean 'platformTransactionManagerCustomizers' of type [org.springframework.boot.autoconfigure.transaction.TransactionManagerCustomizers] is not eligible for getting processed by all BeanPostProcessors (for example: not eligible for auto-proxying)
2020-01-08 09:13:15.252 - INFO  [  restartedMain] egate$BeanPostProcessorChecker : Bean 'transactionManager' of type [org.springframework.jdbc.datasource.DataSourceTransactionManager] is not eligible for getting processed by all BeanPostProcessors (for example: not eligible for auto-proxying)
2020-01-08 09:13:15.252 - INFO  [  restartedMain] egate$BeanPostProcessorChecker : Bean 'transactionAdviceConfig' of type [com.mxz.supermarket.confign.TransactionAdviceConfig$$EnhancerBySpringCGLIB$$524bcaff] is not eligible for getting processed by all BeanPostProcessors (for example: not eligible for auto-proxying)
2020-01-08 09:13:15.262 - INFO  [  restartedMain] egate$BeanPostProcessorChecker : Bean 'txAdvice' of type [org.springframework.transaction.interceptor.TransactionInterceptor] is not eligible for getting processed by all BeanPostProcessors (for example: not eligible for auto-proxying)
2020-01-08 09:13:15.262 - INFO  [  restartedMain] egate$BeanPostProcessorChecker : Bean 'txAdviceAdvisor' of type [org.springframework.aop.support.DefaultPointcutAdvisor] is not eligible for getting processed by all BeanPostProcessors (for example: not eligible for auto-proxying)
2020-01-08 09:13:15.742 - INFO  [  restartedMain] o.s.b.w.e.t.TomcatWebServer    : Tomcat initialized with port(s): 8080 (http)
2020-01-08 09:13:15.792 - INFO  [  restartedMain] o.a.j.l.DirectJDKLog           : Initializing ProtocolHandler ["http-nio-8080"]
2020-01-08 09:13:15.792 - INFO  [  restartedMain] o.a.j.l.DirectJDKLog           : Starting service [Tomcat]
2020-01-08 09:13:15.792 - INFO  [  restartedMain] o.a.j.l.DirectJDKLog           : Starting Servlet engine: [Apache Tomcat/9.0.29]
2020-01-08 09:13:16.002 - INFO  [  restartedMain] o.a.j.l.DirectJDKLog           : Initializing Spring embedded WebApplicationContext
2020-01-08 09:13:16.002 - INFO  [  restartedMain] letWebServerApplicationContext : Root WebApplicationContext: initialization completed in 3338 ms
2020-01-08 09:13:18.121 - INFO  [  restartedMain] c.ExecutorConfigurationSupport : Initializing ExecutorService 'applicationTaskExecutor'
2020-01-08 09:13:18.321 - WARN  [  restartedMain] tTemplateResolverConfiguration : Cannot find template location: classpath:/templates/ (please add some templates or check your Thymeleaf configuration)
2020-01-08 09:13:18.321 - WARN  [  restartedMain] o.t.t.TemplateMode             : [THYMELEAF][restartedMain] Template Mode 'HTML5' is deprecated. Using Template Mode 'HTML' instead.
2020-01-08 09:13:19.520 - INFO  [  restartedMain] c.ExecutorConfigurationSupport : Initializing ExecutorService 'taskScheduler'
2020-01-08 09:13:19.650 - INFO  [  restartedMain] b.d.a.OptionalLiveReloadServer : LiveReload server is running on port 35729
2020-01-08 09:13:19.660 - INFO  [  restartedMain] .b.a.e.w.EndpointLinksResolver : Exposing 2 endpoint(s) beneath base path '/actuator'
2020-01-08 09:13:19.800 - INFO  [  restartedMain] .r.c.AbstractConnectionFactory : Attempting to connect to: [localhost:5672]
2020-01-08 09:13:21.839 - INFO  [  restartedMain] stractMessageListenerContainer : Broker not available; cannot force queue declarations during start: java.net.ConnectException: Connection refused: connect
2020-01-08 09:13:21.839 - INFO  [ntContainer#0-1] .r.c.AbstractConnectionFactory : Attempting to connect to: [localhost:5672]
2020-01-08 09:13:23.898 - INFO  [  restartedMain] .r.c.AbstractConnectionFactory : Attempting to connect to: [localhost:5672]
2020-01-08 09:13:25.947 - INFO  [  restartedMain] stractMessageListenerContainer : Broker not available; cannot force queue declarations during start: java.net.ConnectException: Connection refused: connect
2020-01-08 09:13:25.957 - INFO  [ntContainer#1-1] .r.c.AbstractConnectionFactory : Attempting to connect to: [localhost:5672]
2020-01-08 09:13:27.996 - INFO  [  restartedMain] o.a.j.l.DirectJDKLog           : Starting ProtocolHandler ["http-nio-8080"]
2020-01-08 09:13:28.046 - INFO  [  restartedMain] o.s.b.w.e.t.TomcatWebServer    : Tomcat started on port(s): 8080 (http) with context path '/supermarket'
2020-01-08 09:13:28.046 - INFO  [  restartedMain] o.s.b.StartupInfoLogger        : Started SupermarketApplication in 15.977 seconds (JVM running for 21.015)
2020-01-08 09:13:28.915 - INFO  [-192.168.43.216] .r.c.AbstractConnectionFactory : Attempting to connect to: [localhost:5672]
2020-01-08 09:13:28.925 - INFO  [-192.168.43.216] o.a.j.l.DirectJDKLog           : Initializing Spring DispatcherServlet 'dispatcherServlet'
2020-01-08 09:13:28.925 - INFO  [-192.168.43.216] o.s.w.s.FrameworkServlet       : Initializing Servlet 'dispatcherServlet'
2020-01-08 09:13:28.935 - WARN  [ntContainer#0-1] AsyncMessageProcessingConsumer : Consumer raised exception, processing can restart if the connection factory supports it. Exception summary: org.springframework.amqp.AmqpConnectException: java.net.ConnectException: Connection refused: connect
2020-01-08 09:13:28.945 - INFO  [ntContainer#0-1] AsyncMessageProcessingConsumer : Restarting Consumer@76e4300b: tags=[[]], channel=null, acknowledgeMode=AUTO local queue size=0
2020-01-08 09:13:28.945 - INFO  [-192.168.43.216] o.s.w.s.FrameworkServlet       : Completed initialization in 20 ms
2020-01-08 09:13:30.954 - INFO  [ntContainer#0-2] .r.c.AbstractConnectionFactory : Attempting to connect to: [localhost:5672]
2020-01-08 09:13:30.954 - WARN  [-192.168.43.216] .b.a.h.AbstractHealthIndicator : Rabbit health check failed
org.springframework.amqp.AmqpConnectException: java.net.ConnectException: Connection refused: connect
	at org.springframework.amqp.rabbit.support.RabbitExceptionTranslator.convertRabbitAccessException(RabbitExceptionTranslator.java:62) ~[spring-rabbit-2.2.2.RELEASE.jar:2.2.2.RELEASE]
	at org.springframework.amqp.rabbit.connection.AbstractConnectionFactory.createBareConnection(AbstractConnectionFactory.java:510) ~[spring-rabbit-2.2.2.RELEASE.jar:2.2.2.RELEASE]
	at org.springframework.amqp.rabbit.connection.CachingConnectionFactory.createConnection(CachingConnectionFactory.java:751) ~[spring-rabbit-2.2.2.RELEASE.jar:2.2.2.RELEASE]
	at org.springframework.amqp.rabbit.connection.ConnectionFactoryUtils.createConnection(ConnectionFactoryUtils.java:215) ~[spring-rabbit-2.2.2.RELEASE.jar:2.2.2.RELEASE]
	at org.springframework.amqp.rabbit.core.RabbitTemplate.doExecute(RabbitTemplate.java:2085) ~[spring-rabbit-2.2.2.RELEASE.jar:2.2.2.RELEASE]
	at org.springframework.amqp.rabbit.core.RabbitTemplate.execute(RabbitTemplate.java:2058) ~[spring-rabbit-2.2.2.RELEASE.jar:2.2.2.RELEASE]
	at org.springframework.amqp.rabbit.core.RabbitTemplate.execute(RabbitTemplate.java:2038) ~[spring-rabbit-2.2.2.RELEASE.jar:2.2.2.RELEASE]
	at org.springframework.boot.actuate.amqp.RabbitHealthIndicator.getVersion(RabbitHealthIndicator.java:49) ~[spring-boot-actuator-2.2.2.RELEASE.jar:2.2.2.RELEASE]
	at org.springframework.boot.actuate.amqp.RabbitHealthIndicator.doHealthCheck(RabbitHealthIndicator.java:44) ~[spring-boot-actuator-2.2.2.RELEASE.jar:2.2.2.RELEASE]
	at org.springframework.boot.actuate.health.AbstractHealthIndicator.health(AbstractHealthIndicator.java:82) ~[spring-boot-actuator-2.2.2.RELEASE.jar:2.2.2.RELEASE]
	at org.springframework.boot.actuate.health.HealthIndicator.getHealth(HealthIndicator.java:37) ~[spring-boot-actuator-2.2.2.RELEASE.jar:2.2.2.RELEASE]
	at org.springframework.boot.actuate.health.HealthEndpoint.getHealth(HealthEndpoint.java:81) ~[spring-boot-actuator-2.2.2.RELEASE.jar:2.2.2.RELEASE]
	at org.springframework.boot.actuate.health.HealthEndpoint.getHealth(HealthEndpoint.java:38) ~[spring-boot-actuator-2.2.2.RELEASE.jar:2.2.2.RELEASE]
	at org.springframework.boot.actuate.health.HealthEndpointSupport.getContribution(HealthEndpointSupport.java:108) ~[spring-boot-actuator-2.2.2.RELEASE.jar:2.2.2.RELEASE]
	at org.springframework.boot.actuate.health.HealthEndpointSupport.getAggregateHealth(HealthEndpointSupport.java:119) ~[spring-boot-actuator-2.2.2.RELEASE.jar:2.2.2.RELEASE]
	at org.springframework.boot.actuate.health.HealthEndpointSupport.getContribution(HealthEndpointSupport.java:105) ~[spring-boot-actuator-2.2.2.RELEASE.jar:2.2.2.RELEASE]
	at org.springframework.boot.actuate.health.HealthEndpointSupport.getHealth(HealthEndpointSupport.java:83) ~[spring-boot-actuator-2.2.2.RELEASE.jar:2.2.2.RELEASE]
	at org.springframework.boot.actuate.health.HealthEndpointSupport.getHealth(HealthEndpointSupport.java:70) ~[spring-boot-actuator-2.2.2.RELEASE.jar:2.2.2.RELEASE]
	at org.springframework.boot.actuate.health.HealthEndpoint.health(HealthEndpoint.java:75) ~[spring-boot-actuator-2.2.2.RELEASE.jar:2.2.2.RELEASE]
	at org.springframework.boot.actuate.health.HealthEndpoint.health(HealthEndpoint.java:65) ~[spring-boot-actuator-2.2.2.RELEASE.jar:2.2.2.RELEASE]
	at sun.reflect.NativeMethodAccessorImpl.invoke0(Native Method) ~[?:1.8.0_201]
	at sun.reflect.NativeMethodAccessorImpl.invoke(NativeMethodAccessorImpl.java:62) ~[?:1.8.0_201]
	at sun.reflect.DelegatingMethodAccessorImpl.invoke(DelegatingMethodAccessorImpl.java:43) ~[?:1.8.0_201]
	at java.lang.reflect.Method.invoke(Method.java:498) ~[?:1.8.0_201]
	at org.springframework.util.ReflectionUtils.invokeMethod(ReflectionUtils.java:282) ~[spring-core-5.2.2.RELEASE.jar:5.2.2.RELEASE]
	at org.springframework.boot.actuate.endpoint.invoke.reflect.ReflectiveOperationInvoker.invoke(ReflectiveOperationInvoker.java:77) ~[spring-boot-actuator-2.2.2.RELEASE.jar:2.2.2.RELEASE]
	at org.springframework.boot.actuate.endpoint.annotation.AbstractDiscoveredOperation.invoke(AbstractDiscoveredOperation.java:60) ~[spring-boot-actuator-2.2.2.RELEASE.jar:2.2.2.RELEASE]
	at org.springframework.boot.actuate.endpoint.jmx.EndpointMBean.invoke(EndpointMBean.java:121) ~[spring-boot-actuator-2.2.2.RELEASE.jar:2.2.2.RELEASE]
	at org.springframework.boot.actuate.endpoint.jmx.EndpointMBean.invoke(EndpointMBean.java:96) ~[spring-boot-actuator-2.2.2.RELEASE.jar:2.2.2.RELEASE]
	at com.sun.jmx.interceptor.DefaultMBeanServerInterceptor.invoke(DefaultMBeanServerInterceptor.java:819) ~[?:1.8.0_201]
	at com.sun.jmx.mbeanserver.JmxMBeanServer.invoke(JmxMBeanServer.java:801) ~[?:1.8.0_201]
	at javax.management.remote.rmi.RMIConnectionImpl.doOperation(RMIConnectionImpl.java:1468) ~[?:1.8.0_201]
	at javax.management.remote.rmi.RMIConnectionImpl.access$300(RMIConnectionImpl.java:76) ~[?:1.8.0_201]
	at javax.management.remote.rmi.RMIConnectionImpl$PrivilegedOperation.run(RMIConnectionImpl.java:1309) ~[?:1.8.0_201]
	at javax.management.remote.rmi.RMIConnectionImpl.doPrivilegedOperation(RMIConnectionImpl.java:1401) ~[?:1.8.0_201]
	at javax.management.remote.rmi.RMIConnectionImpl.invoke(RMIConnectionImpl.java:829) ~[?:1.8.0_201]
	at sun.reflect.GeneratedMethodAccessor67.invoke(Unknown Source) ~[?:?]
	at sun.reflect.DelegatingMethodAccessorImpl.invoke(DelegatingMethodAccessorImpl.java:43) ~[?:1.8.0_201]
	at java.lang.reflect.Method.invoke(Method.java:498) ~[?:1.8.0_201]
	at sun.rmi.server.UnicastServerRef.dispatch(UnicastServerRef.java:357) ~[?:1.8.0_201]
	at sun.rmi.transport.Transport$1.run(Transport.java:200) ~[?:1.8.0_201]
	at sun.rmi.transport.Transport$1.run(Transport.java:197) ~[?:1.8.0_201]
	at java.security.AccessController.doPrivileged(Native Method) ~[?:1.8.0_201]
	at sun.rmi.transport.Transport.serviceCall(Transport.java:196) ~[?:1.8.0_201]
	at sun.rmi.transport.tcp.TCPTransport.handleMessages(TCPTransport.java:573) ~[?:1.8.0_201]
	at sun.rmi.transport.tcp.TCPTransport$ConnectionHandler.run0(TCPTransport.java:834) ~[?:1.8.0_201]
	at sun.rmi.transport.tcp.TCPTransport$ConnectionHandler.lambda$run$0(TCPTransport.java:688) ~[?:1.8.0_201]
	at java.security.AccessController.doPrivileged(Native Method) ~[?:1.8.0_201]
	at sun.rmi.transport.tcp.TCPTransport$ConnectionHandler.run(TCPTransport.java:687) [?:1.8.0_201]
	at java.util.concurrent.ThreadPoolExecutor.runWorker(ThreadPoolExecutor.java:1149) [?:1.8.0_201]
	at java.util.concurrent.ThreadPoolExecutor$Worker.run(ThreadPoolExecutor.java:624) [?:1.8.0_201]
	at java.lang.Thread.run(Thread.java:748) [?:1.8.0_201]
Caused by: java.net.ConnectException: Connection refused: connect
	at java.net.DualStackPlainSocketImpl.waitForConnect(Native Method) ~[?:1.8.0_201]
	at java.net.DualStackPlainSocketImpl.socketConnect(DualStackPlainSocketImpl.java:85) ~[?:1.8.0_201]
	at java.net.AbstractPlainSocketImpl.doConnect(AbstractPlainSocketImpl.java:350) ~[?:1.8.0_201]
	at java.net.AbstractPlainSocketImpl.connectToAddress(AbstractPlainSocketImpl.java:206) ~[?:1.8.0_201]
	at java.net.AbstractPlainSocketImpl.connect(AbstractPlainSocketImpl.java:188) ~[?:1.8.0_201]
	at java.net.PlainSocketImpl.connect(PlainSocketImpl.java:172) ~[?:1.8.0_201]
	at java.net.SocksSocketImpl.connect(SocksSocketImpl.java:392) ~[?:1.8.0_201]
	at java.net.Socket.connect(Socket.java:589) ~[?:1.8.0_201]
	at com.rabbitmq.client.impl.SocketFrameHandlerFactory.create(SocketFrameHandlerFactory.java:60) ~[amqp-client-5.7.3.jar:5.7.3]
	at com.rabbitmq.client.ConnectionFactory.newConnection(ConnectionFactory.java:1113) ~[amqp-client-5.7.3.jar:5.7.3]
	at com.rabbitmq.client.ConnectionFactory.newConnection(ConnectionFactory.java:1063) ~[amqp-client-5.7.3.jar:5.7.3]
	at org.springframework.amqp.rabbit.connection.AbstractConnectionFactory.connect(AbstractConnectionFactory.java:526) ~[spring-rabbit-2.2.2.RELEASE.jar:2.2.2.RELEASE]
	at org.springframework.amqp.rabbit.connection.AbstractConnectionFactory.createBareConnection(AbstractConnectionFactory.java:473) ~[spring-rabbit-2.2.2.RELEASE.jar:2.2.2.RELEASE]
	... 50 more
2020-01-08 09:13:32.363 - INFO  [oundedElastic-1] i.l.c.EpollProvider            : Starting without optional epoll library
2020-01-08 09:13:32.363 - INFO  [oundedElastic-1] i.l.c.KqueueProvider           : Starting without optional kqueue library
2020-01-08 09:13:33.003 - WARN  [ntContainer#1-1] AsyncMessageProcessingConsumer : Consumer raised exception, processing can restart if the connection factory supports it. Exception summary: org.springframework.amqp.AmqpConnectException: java.net.ConnectException: Connection refused: connect
2020-01-08 09:13:33.003 - INFO  [ntContainer#1-1] AsyncMessageProcessingConsumer : Restarting Consumer@1827809f: tags=[[]], channel=null, acknowledgeMode=AUTO local queue size=0
2020-01-08 09:13:33.173 - INFO  [ntContainer#1-2] .r.c.AbstractConnectionFactory : Attempting to connect to: [localhost:5672]
2020-01-08 09:13:34.262 - INFO  [ntContainer#1-2] .r.c.AbstractConnectionFactory : Created new connection: rabbitConnectionFactory#64e1cec4:6/SimpleConnection@3c022b9d [delegate=amqp://guest@127.0.0.1:5672/, localPort= 51425]
2020-01-08 09:13:42.597 - INFO  [  restartedMain] o.s.b.StartupInfoLogger        : Starting SupermarketApplication on english with PID 6636 (C:\Users\Administrator\IdeaProjects\biyesheji\supermarket\target\classes started by Administrator in C:\Users\Administrator\IdeaProjects\biyesheji\supermarket)
2020-01-08 09:13:42.607 - INFO  [  restartedMain] o.s.b.SpringApplication        : No active profile set, falling back to default profiles: default
2020-01-08 09:13:42.647 - INFO  [  restartedMain] o.s.b.l.DeferredLog            : Devtools property defaults active! Set 'spring.devtools.add-properties' to 'false' to disable
2020-01-08 09:13:42.647 - INFO  [  restartedMain] o.s.b.l.DeferredLog            : For additional web related logging consider setting the 'logging.level.web' property to 'DEBUG'
2020-01-08 09:13:43.616 - WARN  [  restartedMain] o.m.s.m.ClassPathMapperScanner : No MyBatis mapper was found in '[com.mxz.supermarket]' package. Please check your configuration.
2020-01-08 09:13:43.906 - INFO  [  restartedMain] epositoryConfigurationDelegate : Multiple Spring Data modules found, entering strict repository configuration mode!
2020-01-08 09:13:43.906 - INFO  [  restartedMain] epositoryConfigurationDelegate : Bootstrapping Spring Data Redis repositories in DEFAULT mode.
2020-01-08 09:13:43.956 - INFO  [  restartedMain] epositoryConfigurationDelegate : Finished Spring Data repository scanning in 29ms. Found 0 Redis repository interfaces.
2020-01-08 09:13:44.276 - INFO  [  restartedMain] egate$BeanPostProcessorChecker : Bean 'org.springframework.transaction.annotation.ProxyTransactionManagementConfiguration' of type [org.springframework.transaction.annotation.ProxyTransactionManagementConfiguration] is not eligible for getting processed by all BeanPostProcessors (for example: not eligible for auto-proxying)
2020-01-08 09:13:44.406 - INFO  [  restartedMain] egate$BeanPostProcessorChecker : Bean 'org.springframework.boot.autoconfigure.jdbc.DataSourceTransactionManagerAutoConfiguration$DataSourceTransactionManagerConfiguration' of type [org.springframework.boot.autoconfigure.jdbc.DataSourceTransactionManagerAutoConfiguration$DataSourceTransactionManagerConfiguration] is not eligible for getting processed by all BeanPostProcessors (for example: not eligible for auto-proxying)
2020-01-08 09:13:44.416 - INFO  [  restartedMain] egate$BeanPostProcessorChecker : Bean 'com.alibaba.druid.spring.boot.autoconfigure.DruidDataSourceAutoConfigure' of type [com.alibaba.druid.spring.boot.autoconfigure.DruidDataSourceAutoConfigure$$EnhancerBySpringCGLIB$$69df2734] is not eligible for getting processed by all BeanPostProcessors (for example: not eligible for auto-proxying)
2020-01-08 09:13:44.416 - INFO  [  restartedMain] a.DruidDataSourceAutoConfigure : Init DruidDataSource
2020-01-08 09:13:44.616 - INFO  [  restartedMain] egate$BeanPostProcessorChecker : Bean 'spring.datasource-org.springframework.boot.autoconfigure.jdbc.DataSourceProperties' of type [org.springframework.boot.autoconfigure.jdbc.DataSourceProperties] is not eligible for getting processed by all BeanPostProcessors (for example: not eligible for auto-proxying)
2020-01-08 09:13:44.636 - INFO  [  restartedMain] egate$BeanPostProcessorChecker : Bean 'com.alibaba.druid.spring.boot.autoconfigure.stat.DruidFilterConfiguration' of type [com.alibaba.druid.spring.boot.autoconfigure.stat.DruidFilterConfiguration] is not eligible for getting processed by all BeanPostProcessors (for example: not eligible for auto-proxying)
2020-01-08 09:13:44.666 - INFO  [  restartedMain] egate$BeanPostProcessorChecker : Bean 'statFilter' of type [com.alibaba.druid.filter.stat.StatFilter] is not eligible for getting processed by all BeanPostProcessors (for example: not eligible for auto-proxying)
2020-01-08 09:13:44.826 - INFO  [  restartedMain] c.a.d.p.DruidDataSource        : {dataSource-1} inited
2020-01-08 09:13:44.826 - INFO  [  restartedMain] egate$BeanPostProcessorChecker : Bean 'dataSource' of type [com.alibaba.druid.spring.boot.autoconfigure.DruidDataSourceWrapper] is not eligible for getting processed by all BeanPostProcessors (for example: not eligible for auto-proxying)
2020-01-08 09:13:44.885 - INFO  [  restartedMain] egate$BeanPostProcessorChecker : Bean 'org.springframework.boot.autoconfigure.jdbc.DataSourceInitializerInvoker' of type [org.springframework.boot.autoconfigure.jdbc.DataSourceInitializerInvoker] is not eligible for getting processed by all BeanPostProcessors (for example: not eligible for auto-proxying)
2020-01-08 09:13:44.885 - INFO  [  restartedMain] egate$BeanPostProcessorChecker : Bean 'org.springframework.boot.autoconfigure.transaction.TransactionAutoConfiguration' of type [org.springframework.boot.autoconfigure.transaction.TransactionAutoConfiguration] is not eligible for getting processed by all BeanPostProcessors (for example: not eligible for auto-proxying)
2020-01-08 09:13:44.895 - INFO  [  restartedMain] egate$BeanPostProcessorChecker : Bean 'spring.transaction-org.springframework.boot.autoconfigure.transaction.TransactionProperties' of type [org.springframework.boot.autoconfigure.transaction.TransactionProperties] is not eligible for getting processed by all BeanPostProcessors (for example: not eligible for auto-proxying)
2020-01-08 09:13:44.895 - INFO  [  restartedMain] egate$BeanPostProcessorChecker : Bean 'platformTransactionManagerCustomizers' of type [org.springframework.boot.autoconfigure.transaction.TransactionManagerCustomizers] is not eligible for getting processed by all BeanPostProcessors (for example: not eligible for auto-proxying)
2020-01-08 09:13:44.905 - INFO  [  restartedMain] egate$BeanPostProcessorChecker : Bean 'transactionManager' of type [org.springframework.jdbc.datasource.DataSourceTransactionManager] is not eligible for getting processed by all BeanPostProcessors (for example: not eligible for auto-proxying)
2020-01-08 09:13:44.905 - INFO  [  restartedMain] egate$BeanPostProcessorChecker : Bean 'transactionAdviceConfig' of type [com.mxz.supermarket.confign.TransactionAdviceConfig$$EnhancerBySpringCGLIB$$d9f0a61a] is not eligible for getting processed by all BeanPostProcessors (for example: not eligible for auto-proxying)
2020-01-08 09:13:44.915 - INFO  [  restartedMain] egate$BeanPostProcessorChecker : Bean 'txAdvice' of type [org.springframework.transaction.interceptor.TransactionInterceptor] is not eligible for getting processed by all BeanPostProcessors (for example: not eligible for auto-proxying)
2020-01-08 09:13:44.915 - INFO  [  restartedMain] egate$BeanPostProcessorChecker : Bean 'txAdviceAdvisor' of type [org.springframework.aop.support.DefaultPointcutAdvisor] is not eligible for getting processed by all BeanPostProcessors (for example: not eligible for auto-proxying)
2020-01-08 09:13:45.325 - INFO  [  restartedMain] o.s.b.w.e.t.TomcatWebServer    : Tomcat initialized with port(s): 8080 (http)
2020-01-08 09:13:45.335 - INFO  [  restartedMain] o.a.j.l.DirectJDKLog           : Initializing ProtocolHandler ["http-nio-8080"]
2020-01-08 09:13:45.335 - INFO  [  restartedMain] o.a.j.l.DirectJDKLog           : Starting service [Tomcat]
2020-01-08 09:13:45.335 - INFO  [  restartedMain] o.a.j.l.DirectJDKLog           : Starting Servlet engine: [Apache Tomcat/9.0.29]
2020-01-08 09:13:45.465 - INFO  [  restartedMain] o.a.j.l.DirectJDKLog           : Initializing Spring embedded WebApplicationContext
2020-01-08 09:13:45.465 - INFO  [  restartedMain] letWebServerApplicationContext : Root WebApplicationContext: initialization completed in 2818 ms
2020-01-08 09:13:47.184 - INFO  [  restartedMain] c.ExecutorConfigurationSupport : Initializing ExecutorService 'applicationTaskExecutor'
2020-01-08 09:13:47.384 - WARN  [  restartedMain] tTemplateResolverConfiguration : Cannot find template location: classpath:/templates/ (please add some templates or check your Thymeleaf configuration)
2020-01-08 09:13:47.384 - WARN  [  restartedMain] o.t.t.TemplateMode             : [THYMELEAF][restartedMain] Template Mode 'HTML5' is deprecated. Using Template Mode 'HTML' instead.
2020-01-08 09:13:48.374 - INFO  [  restartedMain] c.ExecutorConfigurationSupport : Initializing ExecutorService 'taskScheduler'
2020-01-08 09:13:48.484 - INFO  [  restartedMain] b.d.a.OptionalLiveReloadServer : LiveReload server is running on port 35729
2020-01-08 09:13:48.484 - INFO  [  restartedMain] .b.a.e.w.EndpointLinksResolver : Exposing 2 endpoint(s) beneath base path '/actuator'
2020-01-08 09:13:48.604 - INFO  [  restartedMain] .r.c.AbstractConnectionFactory : Attempting to connect to: [localhost:5672]
2020-01-08 09:13:48.644 - INFO  [  restartedMain] .r.c.AbstractConnectionFactory : Created new connection: rabbitConnectionFactory#11d61d0a:0/SimpleConnection@4b0d87e1 [delegate=amqp://guest@127.0.0.1:5672/, localPort= 51445]
2020-01-08 09:13:48.723 - INFO  [  restartedMain] o.a.j.l.DirectJDKLog           : Starting ProtocolHandler ["http-nio-8080"]
2020-01-08 09:13:48.753 - INFO  [  restartedMain] o.s.b.w.e.t.TomcatWebServer    : Tomcat started on port(s): 8080 (http) with context path '/supermarket'
2020-01-08 09:13:48.753 - INFO  [  restartedMain] o.s.b.StartupInfoLogger        : Started SupermarketApplication in 6.534 seconds (JVM running for 8.991)
2020-01-08 09:13:49.976 - INFO  [-192.168.43.216] o.a.j.l.DirectJDKLog           : Initializing Spring DispatcherServlet 'dispatcherServlet'
2020-01-08 09:13:49.976 - INFO  [-192.168.43.216] o.s.w.s.FrameworkServlet       : Initializing Servlet 'dispatcherServlet'
2020-01-08 09:13:49.986 - INFO  [-192.168.43.216] o.s.w.s.FrameworkServlet       : Completed initialization in 10 ms
2020-01-08 09:13:50.433 - INFO  [oundedElastic-1] i.l.c.EpollProvider            : Starting without optional epoll library
2020-01-08 09:13:50.433 - INFO  [oundedElastic-1] i.l.c.KqueueProvider           : Starting without optional kqueue library
